1695232465219	geckodriver	INFO	Listening on 127.0.0.1:59170
1695232468292	mozrunner::runner	INFO	Running command: "C:\\Program Files\\Mozilla Firefox\\firefox.exe" "--marionette" "--remote-debugging-port" "59171" "--remote-allow-hosts" "localhost" "-no-remote" "-profile" "C:\\Users\\user\\AppData\\Local\\Temp\\rust_mozprofile15ZJOz"
console.warn: services.settings: Ignoring preference override of remote settings server
console.warn: services.settings: Allow by setting MOZ_REMOTE_SETTINGS_DEVTOOLS=1 in the environment
1695232468766	Marionette	INFO	Marionette enabled
Dynamically enable window occlusion 0
1695232468864	Marionette	INFO	Listening on port 59182
WebDriver BiDi listening on ws://127.0.0.1:59171
Read port: 59182
1695232469242	RemoteAgent	WARN	TLS certificate errors will be ignored for this session
DevTools listening on ws://127.0.0.1:59171/devtools/browser/d63ee1c2-5bd6-4d8d-87ef-18a6616e44ef
console.warn: LoginRecipes: "Falling back to a synchronous message for: https://omgtu.ru."
console.warn: LoginRecipes: "Falling back to a synchronous message for: https://omgtu.ru."
JavaScript warning: https://top-fwz1.mail.ru/js/code.js, line 5: Script terminated by timeout at:
B@https://top-fwz1.mail.ru/js/code.js:5:174
f@https://top-fwz1.mail.ru/js/code.js:37:326
b@https://top-fwz1.mail.ru/js/code.js:37:209

1695233267939	geckodriver	INFO	Listening on 127.0.0.1:59909
1695233270987	mozrunner::runner	INFO	Running command: "C:\\Program Files\\Mozilla Firefox\\firefox.exe" "--marionette" "--remote-debugging-port" "59910" "--remote-allow-hosts" "localhost" "-no-remote" "-profile" "C:\\Users\\user\\AppData\\Local\\Temp\\rust_mozprofileqmpYaO"
console.warn: services.settings: Ignoring preference override of remote settings server
console.warn: services.settings: Allow by setting MOZ_REMOTE_SETTINGS_DEVTOOLS=1 in the environment
1695233271353	Marionette	INFO	Marionette enabled
Dynamically enable window occlusion 0
1695233271443	Marionette	INFO	Listening on port 59921
WebDriver BiDi listening on ws://127.0.0.1:59910
Read port: 59921
1695233271785	RemoteAgent	WARN	TLS certificate errors will be ignored for this session
DevTools listening on ws://127.0.0.1:59910/devtools/browser/964fe389-ce28-4e61-8f19-869f8dfb47fc
console.warn: LoginRecipes: "Falling back to a synchronous message for: https://omgtu.ru."
console.warn: LoginRecipes: "Falling back to a synchronous message for: https://omgtu.ru."
JavaScript warning: https://top-fwz1.mail.ru/js/code.js, line 5: Script terminated by timeout at:
B@https://top-fwz1.mail.ru/js/code.js:5:174
f@https://top-fwz1.mail.ru/js/code.js:37:326
b@https://top-fwz1.mail.ru/js/code.js:37:209

1695233342821	Marionette	INFO	Stopped listening on port 59921
Dynamically enable window occlusion 1
1695395525768	geckodriver	INFO	Listening on 127.0.0.1:58097
1695395528779	mozrunner::runner	INFO	Running command: "C:\\Program Files\\Mozilla Firefox\\firefox.exe" "--marionette" "--remote-debugging-port" "58098" "--remote-allow-hosts" "localhost" "-no-remote" "-profile" "C:\\Users\\andre\\AppData\\Local\\Temp\\rust_mozprofile1nk1tW"
1695395557499	geckodriver	INFO	Listening on 127.0.0.1:58148
1695395560505	mozrunner::runner	INFO	Running command: "C:\\Program Files\\Mozilla Firefox\\firefox.exe" "--marionette" "--remote-debugging-port" "58149" "--remote-allow-hosts" "localhost" "-no-remote" "-profile" "C:\\Users\\andre\\AppData\\Local\\Temp\\rust_mozprofile33iMUE"
console.warn: services.settings: Ignoring preference override of remote settings server
console.warn: services.settings: Allow by setting MOZ_REMOTE_SETTINGS_DEVTOOLS=1 in the environment
1695395560726	Marionette	INFO	Marionette enabled
Dynamically enable window occlusion 0
1695395560728	Marionette	INFO	Listening on port 58156
WebDriver BiDi listening on ws://127.0.0.1:58149
Read port: 58156
1695395560906	RemoteAgent	WARN	TLS certificate errors will be ignored for this session
console.warn: SearchSettings: "get: No settings file exists, new profile?" (new NotFoundError("Could not open the file at C:\\Users\\andre\\AppData\\Local\\Temp\\rust_mozprofile33iMUE\\search.json.mozlz4", (void 0)))
DevTools listening on ws://127.0.0.1:58149/devtools/browser/9358248f-62c9-4b09-a6f7-19fd78d56123
console.warn: LoginRecipes: "Falling back to a synchronous message for: https://omgtu.ru."
console.warn: LoginRecipes: "Falling back to a synchronous message for: https://omgtu.ru."
1695395603235	Marionette	INFO	Stopped listening on port 58156
Dynamically enable window occlusion 1
WARNING: A blocker encountered an error while we were waiting.
          Blocker:  Waiting for ping task
          Phase: TelemetryController: Waiting for pending ping activity
          State: (none)
WARNING: Error: Phase "profile-before-change" is finished, it is too late to register completion condition "OS.File: flush I/O queued before profileBeforeChange"
WARNING: addBlocker@resource://gre/modules/AsyncShutdown.sys.mjs:727:15
addBlocker@resource://gre/modules/AsyncShutdown.sys.mjs:523:26
addBlocker@resource://gre/modules/AsyncShutdown.sys.mjs:458:15
setupShutdown@resource://gre/modules/osfile/osfile_async_front.jsm:1548:28
@resource://gre/modules/osfile/osfile_async_front.jsm:1568:16
@resource://gre/modules/osfile.jsm:12:30
@resource://gre/modules/TelemetryStorage.sys.mjs:10:28
_checkPendingPings@resource://gre/modules/TelemetrySend.sys.mjs:863:17
setup@resource://gre/modules/TelemetrySend.sys.mjs:803:18
setup@resource://gre/modules/TelemetrySend.sys.mjs:241:30
setupTelemetry/this._delayedInitTask<@resource://gre/modules/TelemetryControllerParent.sys.mjs:828:36
observe@resource://gre/modules/AsyncShutdown.sys.mjs:576:16

console.error: "TelemetryScheduler.shutdown - Already shut down"
WARNING: A blocker encountered an error while we were waiting.
          Blocker:  Waiting for ping task
          Phase: TelemetryController: Waiting for pending ping activity
          State: (none)
WARNING: Error: Phase "profile-before-change" is finished, it is too late to register completion condition "OS.File: flush I/O queued before profileBeforeChange"
WARNING: addBlocker@resource://gre/modules/AsyncShutdown.sys.mjs:727:15
addBlocker@resource://gre/modules/AsyncShutdown.sys.mjs:523:26
addBlocker@resource://gre/modules/AsyncShutdown.sys.mjs:458:15
setupShutdown@resource://gre/modules/osfile/osfile_async_front.jsm:1548:28
@resource://gre/modules/osfile/osfile_async_front.jsm:1568:16
@resource://gre/modules/osfile.jsm:12:30
@resource://gre/modules/TelemetryStorage.sys.mjs:10:28
_checkPendingPings@resource://gre/modules/TelemetrySend.sys.mjs:863:17
setup@resource://gre/modules/TelemetrySend.sys.mjs:803:18
setup@resource://gre/modules/TelemetrySend.sys.mjs:241:30
setupTelemetry/this._delayedInitTask<@resource://gre/modules/TelemetryControllerParent.sys.mjs:828:36
observe@resource://gre/modules/AsyncShutdown.sys.mjs:576:16

WARNING: A blocker encountered an error while we were waiting.
          Blocker:  Waiting for ping task
          Phase: TelemetryController: Waiting for pending ping activity
          State: (none)
WARNING: Error: Phase "profile-before-change" is finished, it is too late to register completion condition "OS.File: flush I/O queued before profileBeforeChange"
WARNING: addBlocker@resource://gre/modules/AsyncShutdown.sys.mjs:727:15
addBlocker@resource://gre/modules/AsyncShutdown.sys.mjs:523:26
addBlocker@resource://gre/modules/AsyncShutdown.sys.mjs:458:15
setupShutdown@resource://gre/modules/osfile/osfile_async_front.jsm:1548:28
@resource://gre/modules/osfile/osfile_async_front.jsm:1568:16
@resource://gre/modules/osfile.jsm:12:30
@resource://gre/modules/TelemetryStorage.sys.mjs:10:28
_checkPendingPings@resource://gre/modules/TelemetrySend.sys.mjs:863:17
setup@resource://gre/modules/TelemetrySend.sys.mjs:803:18
setup@resource://gre/modules/TelemetrySend.sys.mjs:241:30
setupTelemetry/this._delayedInitTask<@resource://gre/modules/TelemetryControllerParent.sys.mjs:828:36
observe@resource://gre/modules/AsyncShutdown.sys.mjs:576:16

WARNING: A blocker encountered an error while we were waiting.
          Blocker:  TelemetryController: shutting down
          Phase: profile-before-change-telemetry
          State: Error getting state: Error: Phase "profile-before-change" is finished, it is too late to register completion condition "OS.File: flush I/O queued before profileBeforeChange" at addBlocker@resource://gre/modules/AsyncShutdown.sys.mjs:727:15
addBlocker@resource://gre/modules/AsyncShutdown.sys.mjs:523:26
addBlocker@resource://gre/modules/AsyncShutdown.sys.mjs:458:15
setupShutdown@resource://gre/modules/osfile/osfile_async_front.jsm:1548:28
@resource://gre/modules/osfile/osfile_async_front.jsm:1568:16
@resource://gre/modules/osfile.jsm:12:30
@resource://gre/modules/TelemetryStorage.sys.mjs:10:28
_checkPendingPings@resource://gre/modules/TelemetrySend.sys.mjs:863:17
setup@resource://gre/modules/TelemetrySend.sys.mjs:803:18
setup@resource://gre/modules/TelemetrySend.sys.mjs:241:30
setupTelemetry/this._delayedInitTask<@resource://gre/modules/TelemetryControllerParent.sys.mjs:828:36
observe@resource://gre/modules/AsyncShutdown.sys.mjs:576:16

WARNING: Error: Phase "profile-before-change" is finished, it is too late to register completion condition "OS.File: flush I/O queued before profileBeforeChange"
WARNING: addBlocker@resource://gre/modules/AsyncShutdown.sys.mjs:727:15
addBlocker@resource://gre/modules/AsyncShutdown.sys.mjs:523:26
addBlocker@resource://gre/modules/AsyncShutdown.sys.mjs:458:15
setupShutdown@resource://gre/modules/osfile/osfile_async_front.jsm:1548:28
@resource://gre/modules/osfile/osfile_async_front.jsm:1568:16
@resource://gre/modules/osfile.jsm:12:30
@resource://gre/modules/TelemetryStorage.sys.mjs:10:28
_checkPendingPings@resource://gre/modules/TelemetrySend.sys.mjs:863:17
setup@resource://gre/modules/TelemetrySend.sys.mjs:803:18
setup@resource://gre/modules/TelemetrySend.sys.mjs:241:30
setupTelemetry/this._delayedInitTask<@resource://gre/modules/TelemetryControllerParent.sys.mjs:828:36
observe@resource://gre/modules/AsyncShutdown.sys.mjs:576:16

JavaScript error: resource://gre/modules/AsyncShutdown.sys.mjs, line 727: Error: Phase "profile-before-change" is finished, it is too late to register completion condition "OS.File: flush I/O queued before profileBeforeChange"
JavaScript error: resource://gre/modules/AsyncShutdown.sys.mjs, line 727: Error: Phase "profile-before-change" is finished, it is too late to register completion condition "OS.File: flush I/O queued before profileBeforeChange"
JavaScript error: resource://gre/modules/AsyncShutdown.sys.mjs, line 727: Error: Phase "profile-before-change" is finished, it is too late to register completion condition "OS.File: flush I/O queued before profileBeforeChange"
JavaScript error: resource://gre/modules/AsyncShutdown.sys.mjs, line 727: Error: Phase "profile-before-change" is finished, it is too late to register completion condition "OS.File: flush I/O queued before profileBeforeChange"
JavaScript error: resource://gre/modules/AsyncShutdown.sys.mjs, line 727: Error: Phase "profile-before-change" is finished, it is too late to register completion condition "OS.File: flush I/O queued before profileBeforeChange"
JavaScript error: resource://gre/modules/AsyncShutdown.sys.mjs, line 727: Error: Phase "profile-before-change" is finished, it is too late to register completion condition "OS.File: flush I/O queued before profileBeforeChange"
1695395605799	geckodriver	INFO	Listening on 127.0.0.1:58311
1695395608803	mozrunner::runner	INFO	Running command: "C:\\Program Files\\Mozilla Firefox\\firefox.exe" "--marionette" "--remote-debugging-port" "58312" "--remote-allow-hosts" "localhost" "-no-remote" "-profile" "C:\\Users\\andre\\AppData\\Local\\Temp\\rust_mozprofile3Ek83H"
console.warn: services.settings: Ignoring preference override of remote settings server
console.warn: services.settings: Allow by setting MOZ_REMOTE_SETTINGS_DEVTOOLS=1 in the environment
1695395609014	Marionette	INFO	Marionette enabled
Dynamically enable window occlusion 0
1695395609018	Marionette	INFO	Listening on port 58327
WebDriver BiDi listening on ws://127.0.0.1:58312
Read port: 58327
1695395609191	RemoteAgent	WARN	TLS certificate errors will be ignored for this session
console.warn: SearchSettings: "get: No settings file exists, new profile?" (new NotFoundError("Could not open the file at C:\\Users\\andre\\AppData\\Local\\Temp\\rust_mozprofile3Ek83H\\search.json.mozlz4", (void 0)))
DevTools listening on ws://127.0.0.1:58312/devtools/browser/620419bf-5b5e-401a-a110-0eb9010f5fca
console.warn: LoginRecipes: "Falling back to a synchronous message for: https://omgtu.ru."
console.warn: LoginRecipes: "Falling back to a synchronous message for: https://omgtu.ru."
1695395653930	geckodriver	INFO	Listening on 127.0.0.1:58466
1695395656940	mozrunner::runner	INFO	Running command: "C:\\Program Files\\Mozilla Firefox\\firefox.exe" "--marionette" "--remote-debugging-port" "58467" "--remote-allow-hosts" "localhost" "-no-remote" "-profile" "C:\\Users\\andre\\AppData\\Local\\Temp\\rust_mozprofileWTfejt"
console.warn: services.settings: Ignoring preference override of remote settings server
console.warn: services.settings: Allow by setting MOZ_REMOTE_SETTINGS_DEVTOOLS=1 in the environment
1695395657156	Marionette	INFO	Marionette enabled
Dynamically enable window occlusion 0
1695395657158	Marionette	INFO	Listening on port 58474
WebDriver BiDi listening on ws://127.0.0.1:58467
Read port: 58474
1695395657347	RemoteAgent	WARN	TLS certificate errors will be ignored for this session
console.warn: SearchSettings: "get: No settings file exists, new profile?" (new NotFoundError("Could not open the file at C:\\Users\\andre\\AppData\\Local\\Temp\\rust_mozprofileWTfejt\\search.json.mozlz4", (void 0)))
DevTools listening on ws://127.0.0.1:58467/devtools/browser/72b29d7f-979d-4a43-a641-5d68d722c988
console.warn: LoginRecipes: "Falling back to a synchronous message for: https://omgtu.ru."
console.warn: LoginRecipes: "Falling back to a synchronous message for: https://omgtu.ru."
JavaScript warning: https://www.google.com/js/th/glybE_mf_pMFkK3qzBykJ5gIoRAFQO3TESEgEWHxXEQ.js line 2 > eval line 4215 > eval line 1 > eval line 1 > eval, line 1: WEBGL_debug_renderer_info is deprecated in Firefox and will be removed. Please use RENDERER.
SourceActor threw an exception: Error: Failed to fetch https://up.omgtu.ru/index.php?r=journal/index. Code 2152924148.
Stack: onResponse@resource://devtools/shared/DevToolsUtils.js:556:16
onStopRequest@resource://gre/modules/NetUtil.jsm:126:18
Line: 556, column: 16
console.error: (new Error("Failed to fetch https://up.omgtu.ru/index.php?r=journal/index. Code 2152924148.", "resource://devtools/shared/DevToolsUtils.js", 556))
JavaScript error: resource://devtools/shared/DevToolsUtils.js, line 556: Error: Failed to fetch https://up.omgtu.ru/index.php?r=journal/index. Code 2152924148.
JavaScript error: , line 0: NotFoundError: No such JSWindowActor 'DevToolsFrame'
console.warn: LoginRecipes: "Falling back to a synchronous message for: https://up.omgtu.ru."
Handler function threw an exception: TypeError: browsingContext.currentWindowGlobal is null
Stack: isChannelFromSystemPrincipal@resource://devtools/shared/network-observer/NetworkUtils.sys.mjs:91:1
createNetworkEvent@resource://devtools/shared/network-observer/NetworkUtils.sys.mjs:179:33
#createNetworkEvent@resource://devtools/shared/network-observer/NetworkObserver.sys.mjs:696:37
@resource://devtools/shared/network-observer/NetworkObserver.sys.mjs:327:33
makeInfallible/<@resource://devtools/shared/DevToolsInfaillibleUtils.sys.mjs:43:22
Line: 91, column: 1
console.error: (new TypeError("browsingContext.currentWindowGlobal is null", "resource://devtools/shared/network-observer/NetworkUtils.sys.mjs", 91))
JavaScript error: , line 0: NotFoundError: No such JSWindowActor 'DevToolsFrame'
JavaScript error: , line 0: NotFoundError: No such JSWindowActor 'DevToolsFrame'
console.warn: "Firefox Data Provider destroyed while requesting data: 'getEventTimings' active request packet to 'server0.conn0.netEvent145' can't be sent as the connection just closed."
JavaScript error: , line 0: NotFoundError: No such JSWindowActor 'DevToolsFrame'
1695396188155	Marionette	INFO	Stopped listening on port 58474
Dynamically enable window occlusion 1
1695396502639	geckodriver	INFO	Listening on 127.0.0.1:58841
1695396505643	mozrunner::runner	INFO	Running command: "C:\\Program Files\\Mozilla Firefox\\firefox.exe" "--marionette" "--remote-debugging-port" "58842" "--remote-allow-hosts" "localhost" "-no-remote" "-profile" "C:\\Users\\andre\\AppData\\Local\\Temp\\rust_mozprofileYtOxtz"
console.warn: services.settings: Ignoring preference override of remote settings server
console.warn: services.settings: Allow by setting MOZ_REMOTE_SETTINGS_DEVTOOLS=1 in the environment
1695396505860	Marionette	INFO	Marionette enabled
Dynamically enable window occlusion 0
1695396505862	Marionette	INFO	Listening on port 58851
WebDriver BiDi listening on ws://127.0.0.1:58842
Read port: 58851
1695396506044	RemoteAgent	WARN	TLS certificate errors will be ignored for this session
console.warn: SearchSettings: "get: No settings file exists, new profile?" (new NotFoundError("Could not open the file at C:\\Users\\andre\\AppData\\Local\\Temp\\rust_mozprofileYtOxtz\\search.json.mozlz4", (void 0)))
DevTools listening on ws://127.0.0.1:58842/devtools/browser/f76d42a1-8e2a-4e3a-84ff-272fb4115692
console.warn: LoginRecipes: "Falling back to a synchronous message for: https://omgtu.ru."
console.warn: LoginRecipes: "Falling back to a synchronous message for: https://omgtu.ru."
1695396555228	geckodriver	INFO	Listening on 127.0.0.1:58939
1695396558240	mozrunner::runner	INFO	Running command: "C:\\Program Files\\Mozilla Firefox\\firefox.exe" "--marionette" "--remote-debugging-port" "58940" "--remote-allow-hosts" "localhost" "-no-remote" "-profile" "C:\\Users\\andre\\AppData\\Local\\Temp\\rust_mozprofile7mXCsb"
console.warn: services.settings: Ignoring preference override of remote settings server
console.warn: services.settings: Allow by setting MOZ_REMOTE_SETTINGS_DEVTOOLS=1 in the environment
1695396558457	Marionette	INFO	Marionette enabled
Dynamically enable window occlusion 0
1695396558460	Marionette	INFO	Listening on port 58948
WebDriver BiDi listening on ws://127.0.0.1:58940
Read port: 58948
1695396558634	RemoteAgent	WARN	TLS certificate errors will be ignored for this session
console.warn: SearchSettings: "get: No settings file exists, new profile?" (new NotFoundError("Could not open the file at C:\\Users\\andre\\AppData\\Local\\Temp\\rust_mozprofile7mXCsb\\search.json.mozlz4", (void 0)))
DevTools listening on ws://127.0.0.1:58940/devtools/browser/b2e815b3-83f6-4bff-a24e-fda9155d52a8
console.warn: LoginRecipes: "Falling back to a synchronous message for: https://omgtu.ru."
console.warn: LoginRecipes: "Falling back to a synchronous message for: https://omgtu.ru."
1695396643931	geckodriver	INFO	Listening on 127.0.0.1:59035
1695396646937	mozrunner::runner	INFO	Running command: "C:\\Program Files\\Mozilla Firefox\\firefox.exe" "--marionette" "--remote-debugging-port" "59036" "--remote-allow-hosts" "localhost" "-no-remote" "-profile" "C:\\Users\\andre\\AppData\\Local\\Temp\\rust_mozprofileVHiuvR"
console.warn: services.settings: Ignoring preference override of remote settings server
console.warn: services.settings: Allow by setting MOZ_REMOTE_SETTINGS_DEVTOOLS=1 in the environment
1695396647151	Marionette	INFO	Marionette enabled
Dynamically enable window occlusion 0
1695396647154	Marionette	INFO	Listening on port 59046
WebDriver BiDi listening on ws://127.0.0.1:59036
Read port: 59046
1695396647335	RemoteAgent	WARN	TLS certificate errors will be ignored for this session
console.warn: SearchSettings: "get: No settings file exists, new profile?" (new NotFoundError("Could not open the file at C:\\Users\\andre\\AppData\\Local\\Temp\\rust_mozprofileVHiuvR\\search.json.mozlz4", (void 0)))
DevTools listening on ws://127.0.0.1:59036/devtools/browser/5828aca5-3f06-4ba3-ae5f-bbc03b6b584f
console.warn: LoginRecipes: "Falling back to a synchronous message for: https://omgtu.ru."
console.warn: LoginRecipes: "Falling back to a synchronous message for: https://omgtu.ru."
